[ 2015-08-17T10:56:11+08:00 ] ::1 /homework/chathome/chathome/index.php/sda
INFO: [ app_init ] --START--
INFO: Run Behavior\BuildLiteBehavior [ RunTime:0.000009s ]
INFO: [ app_init ] --END-- [ RunTime:0.000251s ]
ERR: 无法加载模块:Sda

[ 2015-08-17T11:02:29+08:00 ] ::1 /homework/chathome/chathome/index.php/sda
INFO: [ app_init ] --START--
INFO: Run Behavior\BuildLiteBehavior [ RunTime:0.000010s ]
INFO: [ app_init ] --END-- [ RunTime:0.000257s ]
ERR: 无法加载模块:Sda

[ 2015-08-17T11:02:30+08:00 ] ::1 /homework/chathome/chathome/index.php/sda
INFO: [ app_init ] --START--
INFO: Run Behavior\BuildLiteBehavior [ RunTime:0.000009s ]
INFO: [ app_init ] --END-- [ RunTime:0.000319s ]
ERR: 无法加载模块:Sda

[ 2015-08-17T11:02:30+08:00 ] ::1 /homework/chathome/chathome/index.php/sda
INFO: [ app_init ] --START--
INFO: Run Behavior\BuildLiteBehavior [ RunTime:0.000007s ]
INFO: [ app_init ] --END-- [ RunTime:0.000206s ]
ERR: 无法加载模块:Sda

[ 2015-08-17T11:02:30+08:00 ] ::1 /homework/chathome/chathome/index.php/sda
INFO: [ app_init ] --START--
INFO: Run Behavior\BuildLiteBehavior [ RunTime:0.000008s ]
INFO: [ app_init ] --END-- [ RunTime:0.000206s ]
ERR: 无法加载模块:Sda

